  demo.cpp
E:\codes\Algorithm\01Array\BinarySearch\Solution.h(10,1): warning C4267: “初始化”: 从“size_t”转换到“int”，可能丢失数据
E:\codes\Algorithm\01Array\BinarySearch\Solution.h(29,1): warning C4267: “初始化”: 从“size_t”转换到“int”，可能丢失数据
E:\codes\Algorithm\01Array\BinarySearch\Solution.h(48,1): warning C4267: “初始化”: 从“size_t”转换到“int”，可能丢失数据
E:\codes\Algorithm\01Array\BinarySearch\Solution.h(77,1): warning C4267: “初始化”: 从“size_t”转换到“int”，可能丢失数据
E:\codes\Algorithm\01Array\BinarySearch\Solution.h(97,1): warning C4267: “初始化”: 从“size_t”转换到“int”，可能丢失数据
  demo1.cpp
E:\codes\Algorithm\01Array\BinarySearch\Solution.h(10,1): warning C4267: “初始化”: 从“size_t”转换到“int”，可能丢失数据
E:\codes\Algorithm\01Array\BinarySearch\Solution.h(29,1): warning C4267: “初始化”: 从“size_t”转换到“int”，可能丢失数据
E:\codes\Algorithm\01Array\BinarySearch\Solution.h(48,1): warning C4267: “初始化”: 从“size_t”转换到“int”，可能丢失数据
E:\codes\Algorithm\01Array\BinarySearch\Solution.h(77,1): warning C4267: “初始化”: 从“size_t”转换到“int”，可能丢失数据
E:\codes\Algorithm\01Array\BinarySearch\Solution.h(97,1): warning C4267: “初始化”: 从“size_t”转换到“int”，可能丢失数据
  demo2.cpp
E:\codes\Algorithm\01Array\BinarySearch\Solution.h(10,1): warning C4267: “初始化”: 从“size_t”转换到“int”，可能丢失数据
E:\codes\Algorithm\01Array\BinarySearch\Solution.h(29,1): warning C4267: “初始化”: 从“size_t”转换到“int”，可能丢失数据
E:\codes\Algorithm\01Array\BinarySearch\Solution.h(48,1): warning C4267: “初始化”: 从“size_t”转换到“int”，可能丢失数据
E:\codes\Algorithm\01Array\BinarySearch\Solution.h(77,1): warning C4267: “初始化”: 从“size_t”转换到“int”，可能丢失数据
E:\codes\Algorithm\01Array\BinarySearch\Solution.h(97,1): warning C4267: “初始化”: 从“size_t”转换到“int”，可能丢失数据
  正在生成代码...
  BinarySearch.vcxproj -> E:\codes\Algorithm\01Array\BinarySearch\x64\Debug\BinarySearch.exe
